<?xml version="1.0" encoding="UTF-8"?>
<!-- Generated by org.testng.reporters.JUnitXMLReporter -->
<testsuite ignored="0" hostname="indeln0124" failures="1" tests="2" name="Default test" time="8.471" errors="0" timestamp="07 Aug 2019 09:07:34 GMT">
  <testcase classname="cucumber.api.testng.AbstractTestNGCucumberTests" name="runScenario" time="7.408"/>
  <testcase classname="cucumber.api.testng.AbstractTestNGCucumberTests" name="runScenario" time="0.012">
    <failure type="java.lang.NullPointerException">
      <![CDATA[java.lang.NullPointerException
at com.cz.test.services.AssociationService.postAssociation(AssociationService.java:19)
at com.cz.test.step_definitions.api.AssociationServiceSteps.association_Posted(AssociationServiceSteps.java:55)
at ✽.Association Posted(target/test-classes/features/api/Association2.feature:15)
]]>
    </failure>
  </testcase> <!-- runScenario -->
</testsuite> <!-- Default test -->
