<?xml version="1.0" encoding="UTF-8"?>
<!-- Generated by org.testng.reporters.JUnitXMLReporter -->
<testsuite ignored="0" hostname="indeln0124" failures="1" tests="5" name="APITest" time="11.831" errors="0" timestamp="07 Aug 2019 09:08:44 GMT">
  <testcase classname="cucumber.api.testng.AbstractTestNGCucumberTests" name="runScenario" time="0.758">
    <skipped/>
  </testcase> <!-- runScenario -->
  <testcase classname="cucumber.api.testng.AbstractTestNGCucumberTests" name="runScenario" time="6.213"/>
  <testcase classname="cucumber.api.testng.AbstractTestNGCucumberTests" name="runScenario" time="1.659"/>
  <testcase classname="cucumber.api.testng.AbstractTestNGCucumberTests" name="runScenario" time="1.781"/>
  <testcase classname="cucumber.api.testng.AbstractTestNGCucumberTests" name="runScenario" time="0.016">
    <failure type="java.lang.NullPointerException">
      <![CDATA[java.lang.NullPointerException
at com.cz.test.services.AssociationService.postAssociation(AssociationService.java:19)
at com.cz.test.step_definitions.api.AssociationServiceSteps.association_Posted(AssociationServiceSteps.java:55)
at ✽.Association Posted(target/test-classes/features/api/Association2.feature:15)
]]>
    </failure>
  </testcase> <!-- runScenario -->
</testsuite> <!-- APITest -->
