<?xml version="1.0" encoding="UTF-8"?>
<testng-results ignored="0" total="5" passed="3" failed="1" skipped="1">
  <reporter-output>
  </reporter-output>
  <suite started-at="2019-08-07T09:08:33Z" name="SampleSuite" finished-at="2019-08-07T09:08:44Z" duration-ms="11831">
    <groups>
      <group name="cucumber">
        <method signature="AbstractTestNGCucumberTests.runScenario(cucumber.api.testng.PickleEventWrapper, cucumber.api.testng.CucumberFeatureWrapper)[pri:0, instance:com.cz.suiterunners.RunApiATSuite@57250572]" name="runScenario" class="cucumber.api.testng.AbstractTestNGCucumberTests"/>
        <method signature="AbstractTestNGCucumberTests.runScenario(cucumber.api.testng.PickleEventWrapper, cucumber.api.testng.CucumberFeatureWrapper)[pri:0, instance:com.cz.suiterunners.RunFlatTests@5609159b]" name="runScenario" class="cucumber.api.testng.AbstractTestNGCucumberTests"/>
      </group> <!-- cucumber -->
    </groups>
    <test started-at="2019-08-07T09:08:33Z" name="APITest" finished-at="2019-08-07T09:08:44Z" duration-ms="11831">
      <class name="com.cz.suiterunners.RunApiATSuite">
        <test-method is-config="true" signature="setUpClass()[pri:0, instance:com.cz.suiterunners.RunApiATSuite@57250572]" started-at="2019-08-07T09:08:33Z" name="setUpClass" finished-at="2019-08-07T09:08:33Z" duration-ms="258" status="PASS">
          <reporter-output>
          </reporter-output>
        </test-method> <!-- setUpClass -->
        <test-method signature="runScenario(cucumber.api.testng.PickleEventWrapper, cucumber.api.testng.CucumberFeatureWrapper)[pri:0, instance:com.cz.suiterunners.RunApiATSuite@57250572]" started-at="2019-08-07T09:08:33Z" name="runScenario" description="Runs Cucumber Scenarios" data-provider="scenarios" finished-at="2019-08-07T09:08:34Z" duration-ms="758" status="SKIP">
          <params>
            <param index="0">
              <value>
                <![CDATA["Test the feature for printing the expected string"]]>
              </value>
            </param>
            <param index="1">
              <value>
                <![CDATA["Sample Api tests to demonstrate CRUD operation"]]>
              </value>
            </param>
          </params>
          <exception class="org.testng.SkipException">
            <message>
              <![CDATA[There are undefined steps]]>
            </message>
            <full-stacktrace>
              <![CDATA[org.testng.SkipException: There are undefined steps
at cucumber.api.testng.TestCaseResultListener.getError(TestCaseResultListener.java:60)
at cucumber.api.testng.TestNGCucumberRunner.runScenario(TestNGCucumberRunner.java:72)
at cucumber.api.testng.AbstractTestNGCucumberTests.runScenario(AbstractTestNGCucumberTests.java:22)
at java.base/jdk.internal.reflect.NativeMethodAccessorImpl.invoke0(Native Method)
at java.base/jdk.internal.reflect.NativeMethodAccessorImpl.invoke(NativeMethodAccessorImpl.java:62)
at java.base/jdk.internal.reflect.DelegatingMethodAccessorImpl.invoke(DelegatingMethodAccessorImpl.java:43)
at java.base/java.lang.reflect.Method.invoke(Method.java:566)
at org.testng.internal.MethodInvocationHelper.invokeMethod(MethodInvocationHelper.java:124)
at org.testng.internal.Invoker.invokeMethod(Invoker.java:583)
at org.testng.internal.Invoker.invokeTestMethod(Invoker.java:719)
at org.testng.internal.Invoker.invokeTestMethods(Invoker.java:989)
at org.testng.internal.TestMethodWorker.invokeTestMethods(TestMethodWorker.java:125)
at org.testng.internal.TestMethodWorker.run(TestMethodWorker.java:109)
at org.testng.TestRunner.privateRun(TestRunner.java:648)
at org.testng.TestRunner.run(TestRunner.java:505)
at org.testng.SuiteRunner.runTest(SuiteRunner.java:455)
at org.testng.SuiteRunner.runSequentially(SuiteRunner.java:450)
at org.testng.SuiteRunner.privateRun(SuiteRunner.java:415)
at org.testng.SuiteRunner.run(SuiteRunner.java:364)
at org.testng.SuiteRunnerWorker.runSuite(SuiteRunnerWorker.java:52)
at org.testng.SuiteRunnerWorker.run(SuiteRunnerWorker.java:84)
at org.testng.TestNG.runSuitesSequentially(TestNG.java:1208)
at org.testng.TestNG.runSuitesLocally(TestNG.java:1137)
at org.testng.TestNG.runSuites(TestNG.java:1049)
at org.testng.TestNG.run(TestNG.java:1017)
at org.testng.remote.AbstractRemoteTestNG.run(AbstractRemoteTestNG.java:115)
at org.testng.remote.RemoteTestNG.initAndRun(RemoteTestNG.java:251)
at org.testng.remote.RemoteTestNG.main(RemoteTestNG.java:77)
]]>
            </full-stacktrace>
          </exception> <!-- org.testng.SkipException -->
          <reporter-output>
          </reporter-output>
        </test-method> <!-- runScenario -->
        <test-method signature="runScenario(cucumber.api.testng.PickleEventWrapper, cucumber.api.testng.CucumberFeatureWrapper)[pri:0, instance:com.cz.suiterunners.RunApiATSuite@57250572]" started-at="2019-08-07T09:08:34Z" name="runScenario" description="Runs Cucumber Scenarios" data-provider="scenarios" finished-at="2019-08-07T09:08:40Z" duration-ms="6213" status="PASS">
          <params>
            <param index="0">
              <value>
                <![CDATA["CreateAssociation With Valid Data"]]>
              </value>
            </param>
            <param index="1">
              <value>
                <![CDATA["Testing The Endpoints  For The Assoication Service"]]>
              </value>
            </param>
          </params>
          <reporter-output>
          </reporter-output>
        </test-method> <!-- runScenario -->
        <test-method signature="runScenario(cucumber.api.testng.PickleEventWrapper, cucumber.api.testng.CucumberFeatureWrapper)[pri:0, instance:com.cz.suiterunners.RunApiATSuite@57250572]" started-at="2019-08-07T09:08:40Z" name="runScenario" description="Runs Cucumber Scenarios" data-provider="scenarios" finished-at="2019-08-07T09:08:42Z" duration-ms="1659" status="PASS">
          <params>
            <param index="0">
              <value>
                <![CDATA["CreateAssociation With Valid Dat"]]>
              </value>
            </param>
            <param index="1">
              <value>
                <![CDATA["Testing The Endpoints  For The Assoication Service"]]>
              </value>
            </param>
          </params>
          <reporter-output>
          </reporter-output>
        </test-method> <!-- runScenario -->
        <test-method is-config="true" signature="tearDownClass()[pri:0, instance:com.cz.suiterunners.RunApiATSuite@57250572]" started-at="2019-08-07T09:08:42Z" name="tearDownClass" finished-at="2019-08-07T09:08:42Z" duration-ms="617" status="PASS">
          <reporter-output>
          </reporter-output>
        </test-method> <!-- tearDownClass -->
      </class> <!-- com.cz.suiterunners.RunApiATSuite -->
      <class name="com.cz.suiterunners.RunFlatTests">
        <test-method is-config="true" signature="setUpClass()[pri:0, instance:com.cz.suiterunners.RunFlatTests@5609159b]" started-at="2019-08-07T09:08:42Z" name="setUpClass" finished-at="2019-08-07T09:08:42Z" duration-ms="0" status="PASS">
          <reporter-output>
          </reporter-output>
        </test-method> <!-- setUpClass -->
        <test-method signature="runScenario(cucumber.api.testng.PickleEventWrapper, cucumber.api.testng.CucumberFeatureWrapper)[pri:0, instance:com.cz.suiterunners.RunFlatTests@5609159b]" started-at="2019-08-07T09:08:42Z" name="runScenario" description="Runs Cucumber Scenarios" data-provider="scenarios" finished-at="2019-08-07T09:08:44Z" duration-ms="1781" status="PASS">
          <params>
            <param index="0">
              <value>
                <![CDATA["CreateAssociation With Valid Data2"]]>
              </value>
            </param>
            <param index="1">
              <value>
                <![CDATA["Testing The Endpoints  For The Assoication Service2"]]>
              </value>
            </param>
          </params>
          <reporter-output>
          </reporter-output>
        </test-method> <!-- runScenario -->
        <test-method signature="runScenario(cucumber.api.testng.PickleEventWrapper, cucumber.api.testng.CucumberFeatureWrapper)[pri:0, instance:com.cz.suiterunners.RunFlatTests@5609159b]" started-at="2019-08-07T09:08:44Z" name="runScenario" description="Runs Cucumber Scenarios" data-provider="scenarios" finished-at="2019-08-07T09:08:44Z" duration-ms="16" status="FAIL">
          <params>
            <param index="0">
              <value>
                <![CDATA["CreateAssociation With Valid Da2"]]>
              </value>
            </param>
            <param index="1">
              <value>
                <![CDATA["Testing The Endpoints  For The Assoication Service2"]]>
              </value>
            </param>
          </params>
          <exception class="java.lang.NullPointerException">
            <full-stacktrace>
              <![CDATA[java.lang.NullPointerException
at com.cz.test.services.AssociationService.postAssociation(AssociationService.java:19)
at com.cz.test.step_definitions.api.AssociationServiceSteps.association_Posted(AssociationServiceSteps.java:55)
at ✽.Association Posted(target/test-classes/features/api/Association2.feature:15)
]]>
            </full-stacktrace>
          </exception> <!-- java.lang.NullPointerException -->
          <reporter-output>
          </reporter-output>
        </test-method> <!-- runScenario -->
        <test-method is-config="true" signature="tearDownClass()[pri:0, instance:com.cz.suiterunners.RunFlatTests@5609159b]" started-at="2019-08-07T09:08:44Z" name="tearDownClass" finished-at="2019-08-07T09:08:44Z" duration-ms="328" status="PASS">
          <reporter-output>
          </reporter-output>
        </test-method> <!-- tearDownClass -->
      </class> <!-- com.cz.suiterunners.RunFlatTests -->
    </test> <!-- APITest -->
  </suite> <!-- SampleSuite -->
</testng-results>
