<?xml version="1.0" encoding="UTF-8"?>
<!-- Generated by org.testng.reporters.JUnitReportReporter -->
<testsuite hostname="indeln0124" failures="0" tests="2" name="com.cz.suiterunners.RunFlatTests" time="1.797" errors="1" timestamp="07 Aug 2019 09:08:45 GMT" skipped="0">
  <testcase classname="com.cz.suiterunners.RunFlatTests" name="runScenario" time="1.781"/>
  <testcase classname="com.cz.suiterunners.RunFlatTests" name="runScenario" time="0.016">
    <error type="java.lang.NullPointerException">
      <![CDATA[java.lang.NullPointerException
at com.cz.test.services.AssociationService.postAssociation(AssociationService.java:19)
at com.cz.test.step_definitions.api.AssociationServiceSteps.association_Posted(AssociationServiceSteps.java:55)
at ✽.Association Posted(target/test-classes/features/api/Association2.feature:15)
]]>
    </error>
  </testcase> <!-- runScenario -->
</testsuite> <!-- com.cz.suiterunners.RunFlatTests -->
